2026-01-26 18:52:42.762 [SpringApplicationShutdownHook] INFO  o.s.boot.web.embedded.tomcat.GracefulShutdown - Commencing graceful shutdown. Waiting for active requests to complete
2026-01-26 18:52:44.813 [tomcat-shutdown] INFO  o.s.boot.web.embedded.tomcat.GracefulShutdown - Graceful shutdown complete
2026-01-26 18:52:47.411 [background-preinit] INFO  org.hibernate.validator.internal.util.Version - HV000001: Hibernate Validator 8.0.3.Final
2026-01-26 18:52:47.435 [main] INFO  o.p.p.PingSmartClubWebBootApplication - Starting PingSmartClubWebBootApplication using Java 17.0.12 with PID 61753 (/Users/jufan/Documents/projects/jufan_projects/ping-smart-club/ping-smart-club-web-boot/target/classes started by jufan in /Users/jufan/Documents/projects/jufan_projects/ping-smart-club/ping-smart-club-web-boot)
2026-01-26 18:52:47.435 [main] DEBUG o.p.p.PingSmartClubWebBootApplication - Running with Spring Boot v3.5.9, Spring v6.2.15
2026-01-26 18:52:47.435 [main] INFO  o.p.p.PingSmartClubWebBootApplication - No active profile set, falling back to 1 default profile: "default"
2026-01-26 18:52:47.698 [main] WARN  org.mybatis.spring.mapper.ClassPathMapperScanner - No MyBatis mapper was found in '[org.pingpongapp.pingsmartclubwebboot.mapper]' package. Please check your configuration.
2026-01-26 18:52:47.826 [main] INFO  o.s.boot.web.embedded.tomcat.TomcatWebServer - Tomcat initialized with port 8080 (http)
2026-01-26 18:52:47.831 [main] INFO  org.apache.coyote.http11.Http11NioProtocol - Initializing ProtocolHandler ["http-nio-8080"]
2026-01-26 18:52:47.831 [main] INFO  org.apache.catalina.core.StandardService - Starting service [Tomcat]
2026-01-26 18:52:47.831 [main] INFO  org.apache.catalina.core.StandardEngine - Starting Servlet engine: [Apache Tomcat/10.1.50]
2026-01-26 18:52:47.850 [main] INFO  o.a.c.c.ContainerBase.[Tomcat].[localhost].[/api] - Initializing Spring embedded WebApplicationContext
2026-01-26 18:52:47.850 [main] INFO  o.s.b.w.s.c.ServletWebServerApplicationContext - Root WebApplicationContext: initialization completed in 401 ms
2026-01-26 18:52:48.034 [main] DEBUG c.b.m.e.spring.MybatisSqlSessionFactoryBean - Registered plugin: 'com.baomidou.mybatisplus.extension.plugins.MybatisPlusInterceptor@b5d9f1e'
2026-01-26 18:52:48.034 [main] DEBUG c.b.m.e.spring.MybatisSqlSessionFactoryBean - Property 'mapperLocations' was not specified.
2026-01-26 18:52:48.087 [main] INFO  org.apache.coyote.http11.Http11NioProtocol - Starting ProtocolHandler ["http-nio-8080"]
2026-01-26 18:52:48.095 [main] INFO  o.s.boot.web.embedded.tomcat.TomcatWebServer - Tomcat started on port 8080 (http) with context path '/api'
2026-01-26 18:52:48.100 [main] INFO  o.p.p.PingSmartClubWebBootApplication - Started PingSmartClubWebBootApplication in 0.881 seconds (process running for 1.096)
2026-01-26 18:52:48.101 [main] DEBUG c.b.mybatisplus.autoconfigure.DdlApplicationRunner -   ...  DDL start create  ...  
2026-01-26 18:52:48.101 [main] DEBUG c.b.mybatisplus.autoconfigure.DdlApplicationRunner -   ...  DDL end create  ...  
